<?xml version="1.0" encoding="UTF-8"?>
<!-- Generated by org.testng.reporters.JUnitReportReporter -->
<testsuite hostname="INMFQAROMI" failures="0" tests="1" name="com.yatra.yatrapagetest.Searchflightpagetest" time="37.023" errors="0" timestamp="2023-02-12T03:43:18 IST" skipped="0">
  <testcase classname="com.yatra.yatrapagetest.Searchflightpagetest" name="checking" time="37.023"/>
  <system-out/>
</testsuite> <!-- com.yatra.yatrapagetest.Searchflightpagetest -->
