<?xml version="1.0" encoding="UTF-8"?>
<!-- Generated by org.testng.reporters.JUnitReportReporter -->
<testsuite hostname="INMFQAROMI" failures="0" tests="2" name="com.yatra.yatrapagetest.IndexPageTest" time="74.167" errors="0" timestamp="2023-02-14T02:27:41 IST" skipped="0">
  <testcase classname="com.yatra.yatrapagetest.IndexPageTest" name="indexPagetest" time="32.714"/>
  <system-out/>
  <testcase classname="com.yatra.yatrapagetest.IndexPageTest" name="indexPagetest" time="41.453"/>
  <system-out/>
</testsuite> <!-- com.yatra.yatrapagetest.IndexPageTest -->
