<?xml version="1.0" encoding="UTF-8"?>
<!-- Generated by org.testng.reporters.JUnitReportReporter -->
<testsuite hostname="INMFQAROMI" failures="0" tests="1" name="com.yatra.yatrapagetest.Searchflightpagetest" time="41.278" errors="0" timestamp="2023-02-12T01:57:37 IST" skipped="0">
  <testcase classname="com.yatra.yatrapagetest.Searchflightpagetest" name="checking" time="41.278"/>
  <system-out/>
</testsuite> <!-- com.yatra.yatrapagetest.Searchflightpagetest -->
